Flutter crash report; please file at https://github.com/flutter/flutter/issues.

## command

flutter run

## exception

SocketException: SocketException: Write failed (OS Error: Broken pipe, errno = 32), port = 0

```
null```

## flutter doctor

```
[32m[✓][39m Flutter (Channel stable, v1.7.8+hotfix.4, on Linux, locale en_GB.UTF-8)
    [32m•[39m Flutter version 1.7.8+hotfix.4 at /home/jayant/flutter
    [32m•[39m Framework revision 20e59316b8 (7 weeks ago), 2019-07-18 20:04:33 -0700
    [32m•[39m Engine revision fee001c93f
    [32m•[39m Dart version 2.4.0

[32m[✓][39m Android toolchain - develop for Android devices (Android SDK version 29.0.2)
    [32m•[39m Android SDK at /home/jayant/Android/Sdk
    [32m•[39m Android NDK location not configured (optional; useful for native profiling support)
    [32m•[39m Platform android-29, build-tools 29.0.2
    [32m•[39m Java binary at: /home/jayant/android-studio/jre/bin/java
    [32m•[39m Java version OpenJDK Runtime Environment (build 1.8.0_202-release-1483-b49-5587405)
    [32m•[39m All Android licenses accepted.

[32m[✓][39m Android Studio (version 3.5)
    [32m•[39m Android Studio at /home/jayant/android-studio
    [32m•[39m Flutter plugin version 38.2.3
    [32m•[39m Dart plugin version 191.8423
    [32m•[39m Java version OpenJDK Runtime Environment (build 1.8.0_202-release-1483-b49-5587405)

[32m[✓][39m Connected device (1 available)
    [32m•[39m Redmi 4A • 10d9ac8d7ce4 • android-arm64 • Android 9 (API 28)

[32m•[39m No issues found!
```
